{
  "RSpec": {
    "coverage": {
      "/Users/echo/Desktop/Projects/Week 10/BankTechTest/spec/account_spec.rb": {
        "lines": [
          1,
          null,
          1,
          null,
          3,
          3,
          null,
          1,
          1,
          1,
          1,
          1,
          null,
          null,
          null,
          1,
          1,
          1,
          1,
          null,
          null,
          1,
          1,
          1,
          null,
          null,
          null,
          1,
          1,
          1,
          1,
          1,
          null,
          null,
          1,
          1,
          2,
          null,
          null,
          null,
          1,
          1,
          1,
          1,
          1,
          null,
          null,
          1,
          1,
          1,
          1,
          1,
          null,
          null,
          1,
          1,
          1,
          2,
          null,
          null,
          1,
          1,
          2,
          null,
          null,
          null,
          1,
          1,
          1,
          1,
          1,
          1,
          1,
          1,
          null,
          null,
          1,
          1,
          1,
          1,
          1,
          1,
          1,
          1,
          null,
          null,
          null,
          null
        ]
      },
      "/Users/echo/Desktop/Projects/Week 10/BankTechTest/lib/account.rb": {
        "lines": [
          1,
          1,
          1,
          null,
          1,
          11,
          11,
          null,
          null,
          1,
          5,
          null,
          null,
          1,
          5,
          null,
          4,
          4,
          null,
          null,
          1,
          5,
          null,
          4,
          null,
          3,
          3,
          null,
          null,
          1,
          1,
          null,
          null,
          1,
          null,
          1,
          7,
          null,
          null
        ]
      },
      "/Users/echo/Desktop/Projects/Week 10/BankTechTest/lib/transaction.rb": {
        "lines": [
          1,
          1,
          9,
          9,
          9,
          null,
          null,
          1,
          7,
          null,
          null,
          1,
          11,
          null,
          null,
          1,
          6,
          null,
          null
        ]
      },
      "/Users/echo/Desktop/Projects/Week 10/BankTechTest/lib/transaction_history.rb": {
        "lines": [
          1,
          1,
          11,
          11,
          null,
          null,
          1,
          3,
          null,
          null,
          1,
          7,
          null,
          null,
          1,
          null,
          1,
          7,
          5,
          5,
          null,
          2,
          2,
          null,
          null,
          null
        ]
      },
      "/Users/echo/Desktop/Projects/Week 10/BankTechTest/spec/features/create_transaction_spec.rb": {
        "lines": [
          1
        ]
      },
      "/Users/echo/Desktop/Projects/Week 10/BankTechTest/spec/statement_spec.rb": {
        "lines": [
          1,
          null,
          1,
          4,
          1,
          4,
          null,
          1,
          1,
          1,
          2,
          null,
          null,
          1,
          1,
          2,
          null,
          null,
          1,
          1,
          2,
          null,
          null,
          null
        ]
      },
      "/Users/echo/Desktop/Projects/Week 10/BankTechTest/lib/statement.rb": {
        "lines": [
          1,
          1,
          3,
          3,
          null,
          null
        ]
      },
      "/Users/echo/Desktop/Projects/Week 10/BankTechTest/spec/transaction_history_spec.rb": {
        "lines": [
          1,
          null,
          1,
          2,
          null,
          1,
          1,
          1,
          null,
          null,
          1,
          1,
          1,
          1,
          1,
          1,
          1,
          null,
          1,
          1,
          null,
          null,
          null,
          null
        ]
      },
      "/Users/echo/Desktop/Projects/Week 10/BankTechTest/spec/transaction_spec.rb": {
        "lines": [
          1,
          null,
          1,
          null,
          1,
          1,
          1,
          1,
          null,
          null,
          1,
          1,
          1,
          null,
          null,
          null,
          1,
          1,
          1,
          1,
          null,
          null,
          null,
          1,
          4,
          4,
          null,
          null,
          1,
          1,
          1,
          1,
          1,
          null,
          null,
          null
        ]
      }
    },
    "timestamp": 1585231889
  }
}
